#
# There is insufficient memory for the Java Runtime Environment to continue.
# Native memory allocation (mmap) failed to map 112197632 bytes for committing reserved memory.
# Possible reasons:
#   The system is out of physical RAM or swap space
#   In 32 bit mode, the process size limit was hit
# Possible solutions:
#   Reduce memory load on the system
#   Increase physical memory or swap space
#   Check if swap backing store is full
#   Use 64 bit Java on a 64 bit OS
#   Decrease Java heap size (-Xmx/-Xms)
#   Decrease number of Java threads
#   Decrease Java thread stack sizes (-Xss)
#   Set larger code cache with -XX:ReservedCodeCacheSize=
# This output file may be truncated or incomplete.
#
#  Out of Memory Error (os_linux.cpp:2673), pid=24959, tid=140271249520384
#
# JRE version: Java(TM) SE Runtime Environment (8.0_45-b14) (build 1.8.0_45-b14)
# Java VM: Java HotSpot(TM) 64-Bit Server VM (25.45-b02 mixed mode linux-amd64 compressed oops)
# Failed to write core dump. Core dumps have been disabled. To enable core dumping, try "ulimit -c unlimited" before starting Java again
#

---------------  T H R E A D  ---------------

Current thread (0x00007f9388080000):  VMThread [stack: 0x00007f9371eff000,0x00007f9372000000] [id=25009]

Stack: [0x00007f9371eff000,0x00007f9372000000],  sp=0x00007f9371ffdf60,  free space=1019k
Native frames: (J=compiled Java code, j=interpreted, Vv=VM code, C=native code)
V  [libjvm.so+0xaac99a]  VMError::report_and_die()+0x2ba
V  [libjvm.so+0x4f333b]  report_vm_out_of_memory(char const*, int, unsigned long, VMErrorType, char const*)+0x8b
V  [libjvm.so+0x90e7c3]  os::Linux::commit_memory_impl(char*, unsigned long, bool)+0x103
V  [libjvm.so+0x90ed19]  os::pd_commit_memory(char*, unsigned long, unsigned long, bool)+0x29
V  [libjvm.so+0x90867a]  os::commit_memory(char*, unsigned long, unsigned long, bool)+0x2a
V  [libjvm.so+0x97bac3]  PSVirtualSpace::expand_by(unsigned long)+0x53
V  [libjvm.so+0x97cec8]  PSYoungGen::resize_generation(unsigned long, unsigned long)+0xf8
V  [libjvm.so+0x97c022]  PSYoungGen::resize(unsigned long, unsigned long)+0x22
V  [libjvm.so+0x9792fb]  PSScavenge::invoke_no_policy()+0xf7b
V  [libjvm.so+0x979a81]  PSScavenge::invoke()+0x41
V  [libjvm.so+0x932050]  ParallelScavengeHeap::failed_mem_allocate(unsigned long)+0x70
V  [libjvm.so+0xaae1d7]  VM_ParallelGCFailedAllocation::doit()+0x97
V  [libjvm.so+0xab59c5]  VM_Operation::evaluate()+0x55
V  [libjvm.so+0xab3d9a]  VMThread::evaluate_operation(VM_Operation*)+0xba
V  [libjvm.so+0xab411e]  VMThread::loop()+0x1ce
V  [libjvm.so+0xab4590]  VMThread::run()+0x70
V  [libjvm.so+0x910de8]  java_start(Thread*)+0x108

VM_Operation (0x00007f9391756690): ParallelGCFailedAllocation, mode: safepoint, requested by thread 0x00007f938800a000


---------------  P R O C E S S  ---------------

Java Threads: ( => current thread )
  0x00007f93880cd800 JavaThread "Service Thread" daemon [_thread_blocked, id=25044, stack(0x00007f9370eab000,0x00007f9370fac000)]
  0x00007f93880c8800 JavaThread "C1 CompilerThread3" daemon [_thread_blocked, id=25037, stack(0x00007f9370fac000,0x00007f93710ad000)]
  0x00007f93880c6800 JavaThread "C2 CompilerThread2" daemon [_thread_in_native, id=25036, stack(0x00007f93710ad000,0x00007f93711ae000)]
  0x00007f93880c4800 JavaThread "C2 CompilerThread1" daemon [_thread_blocked, id=25034, stack(0x00007f93711ae000,0x00007f93712af000)]
  0x00007f93880c1800 JavaThread "C2 CompilerThread0" daemon [_thread_blocked, id=25032, stack(0x00007f93712af000,0x00007f93713b0000)]
  0x00007f93880c0000 JavaThread "Signal Dispatcher" daemon [_thread_blocked, id=25031, stack(0x00007f93713b0000,0x00007f93714b1000)]
  0x00007f9388087000 JavaThread "Finalizer" daemon [_thread_blocked, id=25016, stack(0x00007f9371cfd000,0x00007f9371dfe000)]
  0x00007f9388085000 JavaThread "Reference Handler" daemon [_thread_blocked, id=25013, stack(0x00007f9371dfe000,0x00007f9371eff000)]
  0x00007f938800a000 JavaThread "main" [_thread_blocked, id=24970, stack(0x00007f9391658000,0x00007f9391759000)]

Other Threads:
=>0x00007f9388080000 VMThread [stack: 0x00007f9371eff000,0x00007f9372000000] [id=25009]
  0x00007f93880d0000 WatcherThread [stack: 0x00007f9370daa000,0x00007f9370eab000] [id=25045]

VM state:at safepoint (normal execution)

VM Mutex/Monitor currently owned by a thread:  ([mutex/lock_event])
[0x00007f93880063f0] Threads_lock - owner thread: 0x00007f9388080000
[0x00007f93880068f0] Heap_lock - owner thread: 0x00007f938800a000

Heap:
 PSYoungGen      total 107008K, used 12281K [0x00000000eab00000, 0x00000000f2100000, 0x0000000100000000)
  eden space 94720K, 0% used [0x00000000eab00000,0x00000000eab00000,0x00000000f0780000)
  from space 12288K, 99% used [0x00000000f0780000,0x00000000f137e650,0x00000000f1380000)
  to   space 10752K, 0% used [0x00000000f1380000,0x00000000f1380000,0x00000000f1e00000)
 ParOldGen       total 62976K, used 32824K [0x00000000c0000000, 0x00000000c3d80000, 0x00000000eab00000)
  object space 62976K, 52% used [0x00000000c0000000,0x00000000c200e378,0x00000000c3d80000)
 Metaspace       used 5928K, capacity 7152K, committed 7296K, reserved 1056768K
  class space    used 552K, capacity 616K, committed 640K, reserved 1048576K

Card table byte_map: [0x00007f938e232000,0x00007f938e433000] byte_map_base: 0x00007f938dc32000

Marking Bits: (ParMarkBitMap*) 0x00007f9390b30760
 Begin Bits: [0x00007f9372000000, 0x00007f9373000000)
 End Bits:   [0x00007f9373000000, 0x00007f9374000000)

Polling page: 0x00007f9391777000

CodeCache: size=245760Kb used=7713Kb max_used=7732Kb free=238046Kb
 bounds [0x00007f9379000000, 0x00007f93797a0000, 0x00007f9388000000]
 total_blobs=2056 nmethods=1791 adapters=178
 compilation: enabled

Compilation events (10 events):
Event: 2.962 Thread 0x00007f93880c8800 1861   !   2       com.android.dx.dex.file.ClassDefsSection::add (75 bytes)
Event: 2.963 Thread 0x00007f93880c8800 nmethod 1861 0x00007f9379786e10 code [0x00007f9379787000, 0x00007f9379787638]
Event: 2.963 Thread 0x00007f93880c8800 1860       1       com.android.dx.cf.direct.DirectClassFile$DcfTypeList::isMutable (2 bytes)
Event: 2.963 Thread 0x00007f93880c8800 nmethod 1860 0x00007f9379765f90 code [0x00007f93797660e0, 0x00007f93797661f0]
Event: 2.984 Thread 0x00007f93880c8800 1863       2       com.android.dx.rop.code.SwitchInsn::<init> (49 bytes)
Event: 2.985 Thread 0x00007f93880c8800 nmethod 1863 0x00007f9379787b90 code [0x00007f9379787d20, 0x00007f9379788028]
Event: 3.003 Thread 0x00007f93880c1800 nmethod 1776 0x00007f937978d310 code [0x00007f937978dfa0, 0x00007f9379791740]
Event: 3.003 Thread 0x00007f93880c1800 1862       4       com.android.dx.ssa.SCCP::simulateBranch (666 bytes)
Event: 3.025 Thread 0x00007f93880c8800 1866       1       java.util.HashMap::afterNodeAccess (1 bytes)
Event: 3.025 Thread 0x00007f93880c8800 nmethod 1866 0x00007f937978d050 code [0x00007f937978d1a0, 0x00007f937978d2b0]

GC Heap History (10 events):
Event: 1.010 GC heap after
Heap after GC invocations=2 (full 0):
 PSYoungGen      total 27648K, used 3567K [0x00000000eab00000, 0x00000000ee100000, 0x0000000100000000)
  eden space 24064K, 0% used [0x00000000eab00000,0x00000000eab00000,0x00000000ec280000)
  from space 3584K, 99% used [0x00000000ec600000,0x00000000ec97be28,0x00000000ec980000)
  to   space 3584K, 0% used [0x00000000ec280000,0x00000000ec280000,0x00000000ec600000)
 ParOldGen       total 62976K, used 4834K [0x00000000c0000000, 0x00000000c3d80000, 0x00000000eab00000)
  object space 62976K, 7% used [0x00000000c0000000,0x00000000c04b88b0,0x00000000c3d80000)
 Metaspace       used 5693K, capacity 6960K, committed 7040K, reserved 1056768K
  class space    used 551K, capacity 616K, committed 640K, reserved 1048576K
}
Event: 1.391 GC heap before
{Heap before GC invocations=3 (full 0):
 PSYoungGen      total 27648K, used 27631K [0x00000000eab00000, 0x00000000ee100000, 0x0000000100000000)
  eden space 24064K, 100% used [0x00000000eab00000,0x00000000ec280000,0x00000000ec280000)
  from space 3584K, 99% used [0x00000000ec600000,0x00000000ec97be28,0x00000000ec980000)
  to   space 3584K, 0% used [0x00000000ec280000,0x00000000ec280000,0x00000000ec600000)
 ParOldGen       total 62976K, used 4834K [0x00000000c0000000, 0x00000000c3d80000, 0x00000000eab00000)
  object space 62976K, 7% used [0x00000000c0000000,0x00000000c04b88b0,0x00000000c3d80000)
 Metaspace       used 5782K, capacity 7024K, committed 7296K, reserved 1056768K
  class space    used 551K, capacity 616K, committed 640K, reserved 1048576K
Event: 1.409 GC heap after
Heap after GC invocations=3 (full 0):
 PSYoungGen      total 27648K, used 3552K [0x00000000eab00000, 0x00000000ee100000, 0x0000000100000000)
  eden space 24064K, 0% used [0x00000000eab00000,0x00000000eab00000,0x00000000ec280000)
  from space 3584K, 99% used [0x00000000ec280000,0x00000000ec5f82d0,0x00000000ec600000)
  to   space 3584K, 0% used [0x00000000edd80000,0x00000000edd80000,0x00000000ee100000)
 ParOldGen       total 62976K, used 7872K [0x00000000c0000000, 0x00000000c3d80000, 0x00000000eab00000)
  object space 62976K, 12% used [0x00000000c0000000,0x00000000c07b02d8,0x00000000c3d80000)
 Metaspace       used 5782K, capacity 7024K, committed 7296K, reserved 1056768K
  class space    used 551K, capacity 616K, committed 640K, reserved 1048576K
}
Event: 1.690 GC heap before
{Heap before GC invocations=4 (full 0):
 PSYoungGen      total 27648K, used 27616K [0x00000000eab00000, 0x00000000ee100000, 0x0000000100000000)
  eden space 24064K, 100% used [0x00000000eab00000,0x00000000ec280000,0x00000000ec280000)
  from space 3584K, 99% used [0x00000000ec280000,0x00000000ec5f82d0,0x00000000ec600000)
  to   space 3584K, 0% used [0x00000000edd80000,0x00000000edd80000,0x00000000ee100000)
 ParOldGen       total 62976K, used 7872K [0x00000000c0000000, 0x00000000c3d80000, 0x00000000eab00000)
  object space 62976K, 12% used [0x00000000c0000000,0x00000000c07b02d8,0x00000000c3d80000)
 Metaspace       used 5841K, capacity 7088K, committed 7296K, reserved 1056768K
  class space    used 551K, capacity 616K, committed 640K, reserved 1048576K
Event: 1.745 GC heap after
Heap after GC invocations=4 (full 0):
 PSYoungGen      total 51712K, used 3555K [0x00000000eab00000, 0x00000000ee100000, 0x0000000100000000)
  eden space 48128K, 0% used [0x00000000eab00000,0x00000000eab00000,0x00000000eda00000)
  from space 3584K, 99% used [0x00000000edd80000,0x00000000ee0f8c50,0x00000000ee100000)
  to   space 3584K, 0% used [0x00000000eda00000,0x00000000eda00000,0x00000000edd80000)
 ParOldGen       total 62976K, used 11512K [0x00000000c0000000, 0x00000000c3d80000, 0x00000000eab00000)
  object space 62976K, 18% used [0x00000000c0000000,0x00000000c0b3e008,0x00000000c3d80000)
 Metaspace       used 5841K, capacity 7088K, committed 7296K, reserved 1056768K
  class space    used 551K, capacity 616K, committed 640K, reserved 1048576K
}
Event: 2.222 GC heap before
{Heap before GC invocations=5 (full 0):
 PSYoungGen      total 51712K, used 51683K [0x00000000eab00000, 0x00000000ee100000, 0x0000000100000000)
  eden space 48128K, 100% used [0x00000000eab00000,0x00000000eda00000,0x00000000eda00000)
  from space 3584K, 99% used [0x00000000edd80000,0x00000000ee0f8c50,0x00000000ee100000)
  to   space 3584K, 0% used [0x00000000eda00000,0x00000000eda00000,0x00000000edd80000)
 ParOldGen       total 62976K, used 11512K [0x00000000c0000000, 0x00000000c3d80000, 0x00000000eab00000)
  object space 62976K, 18% used [0x00000000c0000000,0x00000000c0b3e008,0x00000000c3d80000)
 Metaspace       used 5872K, capacity 7088K, committed 7296K, reserved 1056768K
  class space    used 552K, capacity 616K, committed 640K, reserved 1048576K
Event: 2.285 GC heap after
Heap after GC invocations=5 (full 0):
 PSYoungGen      total 51712K, used 3574K [0x00000000eab00000, 0x00000000f1e00000, 0x0000000100000000)
  eden space 48128K, 0% used [0x00000000eab00000,0x00000000eab00000,0x00000000eda00000)
  from space 3584K, 99% used [0x00000000eda00000,0x00000000edd7d8e0,0x00000000edd80000)
  to   space 10752K, 0% used [0x00000000f1380000,0x00000000f1380000,0x00000000f1e00000)
 ParOldGen       total 62976K, used 19142K [0x00000000c0000000, 0x00000000c3d80000, 0x00000000eab00000)
  object space 62976K, 30% used [0x00000000c0000000,0x00000000c12b1968,0x00000000c3d80000)
 Metaspace       used 5872K, capacity 7088K, committed 7296K, reserved 1056768K
  class space    used 552K, capacity 616K, committed 640K, reserved 1048576K
}
Event: 2.650 GC heap before
{Heap before GC invocations=6 (full 0):
 PSYoungGen      total 51712K, used 51702K [0x00000000eab00000, 0x00000000f1e00000, 0x0000000100000000)
  eden space 48128K, 100% used [0x00000000eab00000,0x00000000eda00000,0x00000000eda00000)
  from space 3584K, 99% used [0x00000000eda00000,0x00000000edd7d8e0,0x00000000edd80000)
  to   space 10752K, 0% used [0x00000000f1380000,0x00000000f1380000,0x00000000f1e00000)
 ParOldGen       total 62976K, used 19142K [0x00000000c0000000, 0x00000000c3d80000, 0x00000000eab00000)
  object space 62976K, 30% used [0x00000000c0000000,0x00000000c12b1968,0x00000000c3d80000)
 Metaspace       used 5915K, capacity 7152K, committed 7296K, reserved 1056768K
  class space    used 552K, capacity 616K, committed 640K, reserved 1048576K
Event: 2.690 GC heap after
Heap after GC invocations=6 (full 0):
 PSYoungGen      total 105472K, used 10723K [0x00000000eab00000, 0x00000000f2100000, 0x0000000100000000)
  eden space 94720K, 0% used [0x00000000eab00000,0x00000000eab00000,0x00000000f0780000)
  from space 10752K, 99% used [0x00000000f1380000,0x00000000f1df8c50,0x00000000f1e00000)
  to   space 12288K, 0% used [0x00000000f0780000,0x00000000f0780000,0x00000000f1380000)
 ParOldGen       total 62976K, used 19412K [0x00000000c0000000, 0x00000000c3d80000, 0x00000000eab00000)
  object space 62976K, 30% used [0x00000000c0000000,0x00000000c12f5180,0x00000000c3d80000)
 Metaspace       used 5915K, capacity 7152K, committed 7296K, reserved 1056768K
  class space    used 552K, capacity 616K, committed 640K, reserved 1048576K
}
Event: 3.087 GC heap before
{Heap before GC invocations=7 (full 0):
 PSYoungGen      total 105472K, used 105443K [0x00000000eab00000, 0x00000000f2100000, 0x0000000100000000)
  eden space 94720K, 100% used [0x00000000eab00000,0x00000000f0780000,0x00000000f0780000)
  from space 10752K, 99% used [0x00000000f1380000,0x00000000f1df8c50,0x00000000f1e00000)
  to   space 12288K, 0% used [0x00000000f0780000,0x00000000f0780000,0x00000000f1380000)
 ParOldGen       total 62976K, used 19412K [0x00000000c0000000, 0x00000000c3d80000, 0x00000000eab00000)
  object space 62976K, 30% used [0x00000000c0000000,0x00000000c12f5180,0x00000000c3d80000)
 Metaspace       used 5928K, capacity 7152K, committed 7296K, reserved 1056768K
  class space    used 552K, capacity 616K, committed 640K, reserved 1048576K

Deoptimization events (10 events):
Event: 2.402 Thread 0x00007f938800a000 Uncommon trap: reason=unstable_if action=reinterpret pc=0x00007f93796b70d8 method=com.android.dx.ssa.SsaBasicBlock.newFromRop(Lcom/android/dx/rop/code/RopMethod;ILcom/android/dx/ssa/SsaMethod;)Lcom/android/dx/ssa/SsaBasicBlock; @ 164
Event: 2.409 Thread 0x00007f938800a000 Uncommon trap: reason=unstable_if action=reinterpret pc=0x00007f93794bb588 method=com.android.dx.ssa.MoveParamCombiner$1.visitNonMoveInsn(Lcom/android/dx/ssa/NormalSsaInsn;)V @ 27
Event: 2.434 Thread 0x00007f938800a000 Uncommon trap: reason=bimorphic action=maybe_recompile pc=0x00007f93795c51e4 method=com.android.dx.cf.code.BytecodeArray.parseInstruction(ILcom/android/dx/cf/code/BytecodeArray$Visitor;)I @ 1501
Event: 2.434 Thread 0x00007f938800a000 Uncommon trap: reason=bimorphic action=maybe_recompile pc=0x00007f93795c7de8 method=com.android.dx.cf.code.BytecodeArray.parseInstruction(ILcom/android/dx/cf/code/BytecodeArray$Visitor;)I @ 2135
Event: 2.434 Thread 0x00007f938800a000 Uncommon trap: reason=bimorphic action=maybe_recompile pc=0x00007f93795c51e4 method=com.android.dx.cf.code.BytecodeArray.parseInstruction(ILcom/android/dx/cf/code/BytecodeArray$Visitor;)I @ 1501
Event: 2.434 Thread 0x00007f938800a000 Uncommon trap: reason=bimorphic action=maybe_recompile pc=0x00007f93795c7de8 method=com.android.dx.cf.code.BytecodeArray.parseInstruction(ILcom/android/dx/cf/code/BytecodeArray$Visitor;)I @ 2135
Event: 2.452 Thread 0x00007f938800a000 Uncommon trap: reason=bimorphic action=maybe_recompile pc=0x00007f93796bb6c0 method=com.android.dx.ssa.LiteralOpUpgrader.tryReplacingWithConstant(Lcom/android/dx/ssa/NormalSsaInsn;)Z @ 62
Event: 2.454 Thread 0x00007f938800a000 Uncommon trap: reason=bimorphic action=maybe_recompile pc=0x00007f93796bb6c0 method=com.android.dx.ssa.LiteralOpUpgrader.tryReplacingWithConstant(Lcom/android/dx/ssa/NormalSsaInsn;)Z @ 62
Event: 2.766 Thread 0x00007f938800a000 Uncommon trap: reason=class_check action=maybe_recompile pc=0x00007f93794feae4 method=java.util.HashMap.putVal(ILjava/lang/Object;Ljava/lang/Object;ZZ)Ljava/lang/Object; @ 203
Event: 2.951 Thread 0x00007f938800a000 Uncommon trap: reason=class_check action=maybe_recompile pc=0x00007f93794feae4 method=java.util.HashMap.putVal(ILjava/lang/Object;Ljava/lang/Object;ZZ)Ljava/lang/Object; @ 203

Internal exceptions (4 events):
Event: 0.060 Thread 0x00007f938800a000 Exception <a 'java/lang/NoSuchMethodError': Method sun.misc.Unsafe.defineClass(Ljava/lang/String;[BII)Ljava/lang/Class; name or signature does not match> (0x00000000eab12a38) thrown at [/RE-WORK/workspace/8-2-build-linux-amd64/jdk8u45/3457/hotspot/src/sha
Event: 0.060 Thread 0x00007f938800a000 Exception <a 'java/lang/NoSuchMethodError': Method sun.misc.Unsafe.prefetchRead(Ljava/lang/Object;J)V name or signature does not match> (0x00000000eab12cc8) thrown at [/RE-WORK/workspace/8-2-build-linux-amd64/jdk8u45/3457/hotspot/src/share/vm/prims/jni.cp
Event: 1.011 Thread 0x00007f938800a000 Implicit null exception at 0x00007f9379323f62 to 0x00007f9379324056
Event: 2.101 Thread 0x00007f938800a000 Implicit null exception at 0x00007f9379547c81 to 0x00007f9379548f11

Events (10 events):
Event: 2.690 Executing VM operation: ParallelGCFailedAllocation done
Event: 2.766 Thread 0x00007f938800a000 Uncommon trap: trap_request=0xffffffde fr.pc=0x00007f93794feae4
Event: 2.766 Thread 0x00007f938800a000 DEOPT PACKING pc=0x00007f93794feae4 sp=0x00007f93917568a0
Event: 2.766 Thread 0x00007f938800a000 DEOPT UNPACKING pc=0x00007f9379005229 sp=0x00007f9391756848 mode 2
Event: 2.882 Thread 0x00007f938800a000 DEOPT PACKING pc=0x00007f9379610841 sp=0x00007f9391756c20
Event: 2.882 Thread 0x00007f938800a000 DEOPT UNPACKING pc=0x00007f9379047633 sp=0x00007f9391756a00 mode 0
Event: 2.951 Thread 0x00007f938800a000 Uncommon trap: trap_request=0xffffffde fr.pc=0x00007f93794feae4
Event: 2.951 Thread 0x00007f938800a000 DEOPT PACKING pc=0x00007f93794feae4 sp=0x00007f93917568a0
Event: 2.951 Thread 0x00007f938800a000 DEOPT UNPACKING pc=0x00007f9379005229 sp=0x00007f9391756848 mode 2
Event: 3.087 Executing VM operation: ParallelGCFailedAllocation


Dynamic libraries:
00400000-00401000 r-xp 00000000 fc:01 3026169                            /usr/lib/jvm/java-8-oracle/bin/java
00600000-00601000 rw-p 00000000 fc:01 3026169                            /usr/lib/jvm/java-8-oracle/bin/java
022e6000-02307000 rw-p 00000000 00:00 0                                  [heap]
c0000000-c3d80000 rw-p 00000000 00:00 0 
c3d80000-eab00000 ---p 00000000 00:00 0 
eab00000-f2100000 rw-p 00000000 00:00 0 
f8c00000-100000000 ---p 00000000 00:00 0 
100000000-1000a0000 rw-p 00000000 00:00 0 
1000a0000-140000000 ---p 00000000 00:00 0 
7f932c000000-7f932c021000 rw-p 00000000 00:00 0 
7f932c021000-7f9330000000 ---p 00000000 00:00 0 
7f9330000000-7f9330021000 rw-p 00000000 00:00 0 
7f9330021000-7f9334000000 ---p 00000000 00:00 0 
7f9334000000-7f9334fb9000 rw-p 00000000 00:00 0 
7f9334fb9000-7f9338000000 ---p 00000000 00:00 0 
7f9338000000-7f9338ada000 rw-p 00000000 00:00 0 
7f9338ada000-7f933c000000 ---p 00000000 00:00 0 
7f933c000000-7f933ca2c000 rw-p 00000000 00:00 0 
7f933ca2c000-7f9340000000 ---p 00000000 00:00 0 
7f9340000000-7f9340cb5000 rw-p 00000000 00:00 0 
7f9340cb5000-7f9344000000 ---p 00000000 00:00 0 
7f9344000000-7f9344021000 rw-p 00000000 00:00 0 
7f9344021000-7f9348000000 ---p 00000000 00:00 0 
7f9348000000-7f9348021000 rw-p 00000000 00:00 0 
7f9348021000-7f934c000000 ---p 00000000 00:00 0 
7f934c000000-7f934c292000 rw-p 00000000 00:00 0 
7f934c292000-7f9350000000 ---p 00000000 00:00 0 
7f9350000000-7f9350021000 rw-p 00000000 00:00 0 
7f9350021000-7f9354000000 ---p 00000000 00:00 0 
7f9354000000-7f9354021000 rw-p 00000000 00:00 0 
7f9354021000-7f9358000000 ---p 00000000 00:00 0 
7f9358000000-7f9358021000 rw-p 00000000 00:00 0 
7f9358021000-7f935c000000 ---p 00000000 00:00 0 
7f935c000000-7f935c021000 rw-p 00000000 00:00 0 
7f935c021000-7f9360000000 ---p 00000000 00:00 0 
7f9360000000-7f9360021000 rw-p 00000000 00:00 0 
7f9360021000-7f9364000000 ---p 00000000 00:00 0 
7f9364000000-7f9364021000 rw-p 00000000 00:00 0 
7f9364021000-7f9368000000 ---p 00000000 00:00 0 
7f9368000000-7f9368021000 rw-p 00000000 00:00 0 
7f9368021000-7f936c000000 ---p 00000000 00:00 0 
7f936c000000-7f936c021000 rw-p 00000000 00:00 0 
7f936c021000-7f9370000000 ---p 00000000 00:00 0 
7f9370daa000-7f9370dab000 ---p 00000000 00:00 0 
7f9370dab000-7f9370eab000 rw-p 00000000 00:00 0                          [stack:25045]
7f9370eab000-7f9370eae000 ---p 00000000 00:00 0 
7f9370eae000-7f9370fac000 rw-p 00000000 00:00 0                          [stack:25044]
7f9370fac000-7f9370faf000 ---p 00000000 00:00 0 
7f9370faf000-7f93710ad000 rw-p 00000000 00:00 0                          [stack:25037]
7f93710ad000-7f93710b0000 ---p 00000000 00:00 0 
7f93710b0000-7f93711ae000 rw-p 00000000 00:00 0                          [stack:25036]
7f93711ae000-7f93711b1000 ---p 00000000 00:00 0 
7f93711b1000-7f93712af000 rw-p 00000000 00:00 0                          [stack:25034]
7f93712af000-7f93712b2000 ---p 00000000 00:00 0 
7f93712b2000-7f93713b0000 rw-p 00000000 00:00 0                          [stack:25032]
7f93713b0000-7f93713b3000 ---p 00000000 00:00 0 
7f93713b3000-7f93714b1000 rw-p 00000000 00:00 0                          [stack:25031]
7f93714b1000-7f9371cfd000 r--p 00000000 fc:01 3021646                    /usr/lib/locale/locale-archive
7f9371cfd000-7f9371d00000 ---p 00000000 00:00 0 
7f9371d00000-7f9371dfe000 rw-p 00000000 00:00 0                          [stack:25016]
7f9371dfe000-7f9371e01000 ---p 00000000 00:00 0 
7f9371e01000-7f9371eff000 rw-p 00000000 00:00 0                          [stack:25013]
7f9371eff000-7f9371f00000 ---p 00000000 00:00 0 
7f9371f00000-7f9374000000 rw-p 00000000 00:00 0                          [stack:25009]
7f9374000000-7f9374021000 rw-p 00000000 00:00 0 
7f9374021000-7f9378000000 ---p 00000000 00:00 0 
7f937801a000-7f937802b000 r--s 000b9000 00:1b 13109338                   /home/victorpaul/AndroidStudioProjects/FriendlyHome/app/build/intermediates/exploded-aar/com.android.support/support-v4/22.0.0/jars/classes.jar
7f937802b000-7f9379000000 rw-p 00000000 00:00 0 
7f9379000000-7f93797a0000 rwxp 00000000 00:00 0 
7f93797a0000-7f9388000000 ---p 00000000 00:00 0 
7f9388000000-7f93883a3000 rw-p 00000000 00:00 0 
7f93883a3000-7f938c000000 ---p 00000000 00:00 0 
7f938c009000-7f938cc85000 rw-p 00000000 00:00 0 
7f938cc85000-7f938ce5e000 r--s 03d09000 fc:01 3027746                    /usr/lib/jvm/java-8-oracle/jre/lib/rt.jar
7f938ce5e000-7f938d554000 rw-p 00000000 00:00 0 
7f938d554000-7f938d6d4000 ---p 00000000 00:00 0 
7f938d6d4000-7f938d8d4000 rw-p 00000000 00:00 0 
7f938d8d4000-7f938d8d5000 ---p 00000000 00:00 0 
7f938d8d5000-7f938d9d5000 rw-p 00000000 00:00 0                          [stack:25001]
7f938d9d5000-7f938d9d6000 ---p 00000000 00:00 0 
7f938d9d6000-7f938dad6000 rw-p 00000000 00:00 0                          [stack:24999]
7f938dad6000-7f938dad7000 ---p 00000000 00:00 0 
7f938dad7000-7f938dbd7000 rw-p 00000000 00:00 0                          [stack:24996]
7f938dbd7000-7f938dbd8000 ---p 00000000 00:00 0 
7f938dbd8000-7f938dcd8000 rw-p 00000000 00:00 0                          [stack:24993]
7f938dcd8000-7f938dcd9000 ---p 00000000 00:00 0 
7f938dcd9000-7f938ddd9000 rw-p 00000000 00:00 0                          [stack:24989]
7f938ddd9000-7f938ddda000 ---p 00000000 00:00 0 
7f938ddda000-7f938deda000 rw-p 00000000 00:00 0                          [stack:24985]
7f938deda000-7f938dedb000 ---p 00000000 00:00 0 
7f938dedb000-7f938dfdb000 rw-p 00000000 00:00 0                          [stack:24980]
7f938dfdb000-7f938dfdc000 ---p 00000000 00:00 0 
7f938dfdc000-7f938e0fb000 rw-p 00000000 00:00 0                          [stack:24977]
7f938e0fb000-7f938e232000 ---p 00000000 00:00 0 
7f938e232000-7f938e251000 rw-p 00000000 00:00 0 
7f938e251000-7f938e387000 ---p 00000000 00:00 0 
7f938e387000-7f938e3c3000 rw-p 00000000 00:00 0 
7f938e3c3000-7f938e432000 ---p 00000000 00:00 0 
7f938e432000-7f938e452000 rw-p 00000000 00:00 0 
7f938e452000-7f938e7f3000 ---p 00000000 00:00 0 
7f938e7f3000-7f938e80d000 r-xp 00000000 fc:01 3026470                    /usr/lib/jvm/java-8-oracle/jre/lib/amd64/libzip.so
7f938e80d000-7f938ea0d000 ---p 0001a000 fc:01 3026470                    /usr/lib/jvm/java-8-oracle/jre/lib/amd64/libzip.so
7f938ea0d000-7f938ea0e000 rw-p 0001a000 fc:01 3026470                    /usr/lib/jvm/java-8-oracle/jre/lib/amd64/libzip.so
7f938ea0e000-7f938ea19000 r-xp 00000000 fc:01 8261846                    /lib/x86_64-linux-gnu/libnss_files-2.19.so
7f938ea19000-7f938ec18000 ---p 0000b000 fc:01 8261846                    /lib/x86_64-linux-gnu/libnss_files-2.19.so
7f938ec18000-7f938ec19000 r--p 0000a000 fc:01 8261846                    /lib/x86_64-linux-gnu/libnss_files-2.19.so
7f938ec19000-7f938ec1a000 rw-p 0000b000 fc:01 8261846                    /lib/x86_64-linux-gnu/libnss_files-2.19.so
7f938ec1a000-7f938ec25000 r-xp 00000000 fc:01 8261866                    /lib/x86_64-linux-gnu/libnss_nis-2.19.so
7f938ec25000-7f938ee24000 ---p 0000b000 fc:01 8261866                    /lib/x86_64-linux-gnu/libnss_nis-2.19.so
7f938ee24000-7f938ee25000 r--p 0000a000 fc:01 8261866                    /lib/x86_64-linux-gnu/libnss_nis-2.19.so
7f938ee25000-7f938ee26000 rw-p 0000b000 fc:01 8261866                    /lib/x86_64-linux-gnu/libnss_nis-2.19.so
7f938ee26000-7f938ee3d000 r-xp 00000000 fc:01 8261855                    /lib/x86_64-linux-gnu/libnsl-2.19.so
7f938ee3d000-7f938f03c000 ---p 00017000 fc:01 8261855                    /lib/x86_64-linux-gnu/libnsl-2.19.so
7f938f03c000-7f938f03d000 r--p 00016000 fc:01 8261855                    /lib/x86_64-linux-gnu/libnsl-2.19.so
7f938f03d000-7f938f03e000 rw-p 00017000 fc:01 8261855                    /lib/x86_64-linux-gnu/libnsl-2.19.so
7f938f03e000-7f938f040000 rw-p 00000000 00:00 0 
7f938f040000-7f938f049000 r-xp 00000000 fc:01 8261854                    /lib/x86_64-linux-gnu/libnss_compat-2.19.so
7f938f049000-7f938f248000 ---p 00009000 fc:01 8261854                    /lib/x86_64-linux-gnu/libnss_compat-2.19.so
7f938f248000-7f938f249000 r--p 00008000 fc:01 8261854                    /lib/x86_64-linux-gnu/libnss_compat-2.19.so
7f938f249000-7f938f24a000 rw-p 00009000 fc:01 8261854                    /lib/x86_64-linux-gnu/libnss_compat-2.19.so
7f938f24a000-7f938f274000 r-xp 00000000 fc:01 3027711                    /usr/lib/jvm/java-8-oracle/jre/lib/amd64/libjava.so
7f938f274000-7f938f474000 ---p 0002a000 fc:01 3027711                    /usr/lib/jvm/java-8-oracle/jre/lib/amd64/libjava.so
7f938f474000-7f938f476000 rw-p 0002a000 fc:01 3027711                    /usr/lib/jvm/java-8-oracle/jre/lib/amd64/libjava.so
7f938f476000-7f938f483000 r-xp 00000000 fc:01 3027732                    /usr/lib/jvm/java-8-oracle/jre/lib/amd64/libverify.so
7f938f483000-7f938f683000 ---p 0000d000 fc:01 3027732                    /usr/lib/jvm/java-8-oracle/jre/lib/amd64/libverify.so
7f938f683000-7f938f685000 rw-p 0000d000 fc:01 3027732                    /usr/lib/jvm/java-8-oracle/jre/lib/amd64/libverify.so
7f938f685000-7f938f68c000 r-xp 00000000 fc:01 8261863                    /lib/x86_64-linux-gnu/librt-2.19.so
7f938f68c000-7f938f88b000 ---p 00007000 fc:01 8261863                    /lib/x86_64-linux-gnu/librt-2.19.so
7f938f88b000-7f938f88c000 r--p 00006000 fc:01 8261863                    /lib/x86_64-linux-gnu/librt-2.19.so
7f938f88c000-7f938f88d000 rw-p 00007000 fc:01 8261863                    /lib/x86_64-linux-gnu/librt-2.19.so
7f938f88d000-7f938f992000 r-xp 00000000 fc:01 8257562                    /lib/x86_64-linux-gnu/libm-2.19.so
7f938f992000-7f938fb91000 ---p 00105000 fc:01 8257562                    /lib/x86_64-linux-gnu/libm-2.19.so
7f938fb91000-7f938fb92000 r--p 00104000 fc:01 8257562                    /lib/x86_64-linux-gnu/libm-2.19.so
7f938fb92000-7f938fb93000 rw-p 00105000 fc:01 8257562                    /lib/x86_64-linux-gnu/libm-2.19.so
7f938fb93000-7f9390841000 r-xp 00000000 fc:01 3027722                    /usr/lib/jvm/java-8-oracle/jre/lib/amd64/server/libjvm.so
7f9390841000-7f9390a40000 ---p 00cae000 fc:01 3027722                    /usr/lib/jvm/java-8-oracle/jre/lib/amd64/server/libjvm.so
7f9390a40000-7f9390b17000 rw-p 00cad000 fc:01 3027722                    /usr/lib/jvm/java-8-oracle/jre/lib/amd64/server/libjvm.so
7f9390b17000-7f9390b5b000 rw-p 00000000 00:00 0 
7f9390b5b000-7f9390d16000 r-xp 00000000 fc:01 8261860                    /lib/x86_64-linux-gnu/libc-2.19.so
7f9390d16000-7f9390f15000 ---p 001bb000 fc:01 8261860                    /lib/x86_64-linux-gnu/libc-2.19.so
7f9390f15000-7f9390f19000 r--p 001ba000 fc:01 8261860                    /lib/x86_64-linux-gnu/libc-2.19.so
7f9390f19000-7f9390f1b000 rw-p 001be000 fc:01 8261860                    /lib/x86_64-linux-gnu/libc-2.19.so
7f9390f1b000-7f9390f20000 rw-p 00000000 00:00 0 
7f9390f20000-7f9390f23000 r-xp 00000000 fc:01 8261849                    /lib/x86_64-linux-gnu/libdl-2.19.so
7f9390f23000-7f9391122000 ---p 00003000 fc:01 8261849                    /lib/x86_64-linux-gnu/libdl-2.19.so
7f9391122000-7f9391123000 r--p 00002000 fc:01 8261849                    /lib/x86_64-linux-gnu/libdl-2.19.so
7f9391123000-7f9391124000 rw-p 00003000 fc:01 8261849                    /lib/x86_64-linux-gnu/libdl-2.19.so
7f9391124000-7f9391139000 r-xp 00000000 fc:01 3025428                    /usr/lib/jvm/java-8-oracle/lib/amd64/jli/libjli.so
7f9391139000-7f9391339000 ---p 00015000 fc:01 3025428                    /usr/lib/jvm/java-8-oracle/lib/amd64/jli/libjli.so
7f9391339000-7f939133a000 rw-p 00015000 fc:01 3025428                    /usr/lib/jvm/java-8-oracle/lib/amd64/jli/libjli.so
7f939133a000-7f9391353000 r-xp 00000000 fc:01 8261861                    /lib/x86_64-linux-gnu/libpthread-2.19.so
7f9391353000-7f9391552000 ---p 00019000 fc:01 8261861                    /lib/x86_64-linux-gnu/libpthread-2.19.so
7f9391552000-7f9391553000 r--p 00018000 fc:01 8261861                    /lib/x86_64-linux-gnu/libpthread-2.19.so
7f9391553000-7f9391554000 rw-p 00019000 fc:01 8261861                    /lib/x86_64-linux-gnu/libpthread-2.19.so
7f9391554000-7f9391558000 rw-p 00000000 00:00 0 
7f9391558000-7f939157b000 r-xp 00000000 fc:01 8261857                    /lib/x86_64-linux-gnu/ld-2.19.so
7f939157f000-7f9391658000 rw-p 00000000 00:00 0 
7f9391658000-7f939165b000 ---p 00000000 00:00 0 
7f939165b000-7f939175d000 rw-p 00000000 00:00 0                          [stack:24970]
7f939175e000-7f939175f000 rw-p 00000000 00:00 0 
7f939175f000-7f939176e000 r--s 000dd000 00:1b 11666570                   /home/victorpaul/Android/Sdk/build-tools/21.1.2/lib/dx.jar
7f939176e000-7f9391776000 rw-s 00000000 fc:01 13631611                   /tmp/hsperfdata_victorpaul/24959
7f9391776000-7f9391777000 rw-p 00000000 00:00 0 
7f9391777000-7f9391778000 ---p 00000000 00:00 0 
7f9391778000-7f939177a000 rw-p 00000000 00:00 0 
7f939177a000-7f939177b000 r--p 00022000 fc:01 8261857                    /lib/x86_64-linux-gnu/ld-2.19.so
7f939177b000-7f939177c000 rw-p 00023000 fc:01 8261857                    /lib/x86_64-linux-gnu/ld-2.19.so
7f939177c000-7f939177d000 rw-p 00000000 00:00 0 
7ffeaa098000-7ffeaa0b9000 rw-p 00000000 00:00 0                          [stack]
7ffeaa1a2000-7ffeaa1a4000 r-xp 00000000 00:00 0                          [vdso]
7ffeaa1a4000-7ffeaa1a6000 r--p 00000000 00:00 0                          [vvar]
ffffffffff600000-ffffffffff601000 r-xp 00000000 00:00 0                  [vsyscall]

VM Arguments:
jvm_args: -Xmx1024M -Dfile.encoding=UTF-8 -Duser.country=US -Duser.language=en -Duser.variant 
java_command: com.android.dx.command.Main --dex --output /home/victorpaul/AndroidStudioProjects/FriendlyHome/app/build/intermediates/pre-dexed/debug/classes-0142cb002e0b71b30f9c833a42e0a3564ec59855.jar /home/victorpaul/AndroidStudioProjects/FriendlyHome/app/build/intermediates/exploded-aar/com.android.support/support-v4/22.0.0/jars/classes.jar
java_class_path (initial): /home/victorpaul/Android/Sdk/build-tools/21.1.2/lib/dx.jar
Launcher Type: SUN_STANDARD

Environment Variables:
PATH=/usr/local/sbin:/usr/local/bin:/usr/sbin:/usr/bin:/sbin:/bin:/usr/games:/usr/local/games:/home/victorpaul/Android/Sdk/platform-tools
LD_LIBRARY_PATH=/home/victorpaul/android-studio/bin:
SHELL=/bin/bash
DISPLAY=:0

Signal Handlers:
SIGSEGV: [libjvm.so+0xaad1e0], sa_mask[0]=11111111011111111101111111111110, sa_flags=SA_RESTART|SA_SIGINFO
SIGBUS: [libjvm.so+0xaad1e0], sa_mask[0]=11111111011111111101111111111110, sa_flags=SA_RESTART|SA_SIGINFO
SIGFPE: [libjvm.so+0x90b450], sa_mask[0]=11111111011111111101111111111110, sa_flags=SA_RESTART|SA_SIGINFO
SIGPIPE: [libjvm.so+0x90b450], sa_mask[0]=11111111011111111101111111111110, sa_flags=SA_RESTART|SA_SIGINFO
SIGXFSZ: [libjvm.so+0x90b450], sa_mask[0]=11111111011111111101111111111110, sa_flags=SA_RESTART|SA_SIGINFO
SIGILL: [libjvm.so+0x90b450], sa_mask[0]=11111111011111111101111111111110, sa_flags=SA_RESTART|SA_SIGINFO
SIGUSR1: SIG_DFL, sa_mask[0]=00000000000000000000000000000000, sa_flags=none
SIGUSR2: [libjvm.so+0x90ca90], sa_mask[0]=00100000000000000000000000000000, sa_flags=SA_RESTART|SA_SIGINFO
SIGHUP: [libjvm.so+0x90dde0], sa_mask[0]=11111111011111111101111111111110, sa_flags=SA_RESTART|SA_SIGINFO
SIGINT: [libjvm.so+0x90dde0], sa_mask[0]=11111111011111111101111111111110, sa_flags=SA_RESTART|SA_SIGINFO
SIGTERM: [libjvm.so+0x90dde0], sa_mask[0]=11111111011111111101111111111110, sa_flags=SA_RESTART|SA_SIGINFO
SIGQUIT: [libjvm.so+0x90dde0], sa_mask[0]=11111111011111111101111111111110, sa_flags=SA_RESTART|SA_SIGINFO


---------------  S Y S T E M  ---------------

OS:DISTRIB_ID=Ubuntu
DISTRIB_RELEASE=14.04
DISTRIB_CODENAME=trusty
DISTRIB_DESCRIPTION="Ubuntu 14.04.2 LTS"

uname:Linux 3.16.0-37-generic #51~14.04.1-Ubuntu SMP Wed May 6 15:23:14 UTC 2015 x86_64
libc:glibc 2.19 NPTL 2.19 
rlimit: STACK 8192k, CORE 0k, NPROC 23200, NOFILE 4096, AS infinity
load average:6.72 4.21 2.49

/proc/meminfo:
MemTotal:        5970840 kB
MemFree:          145408 kB
MemAvailable:     101056 kB
Buffers:            1044 kB
Cached:           868104 kB
SwapCached:            0 kB
Active:          4792664 kB
Inactive:         762696 kB
Active(anon):    4781284 kB
Inactive(anon):   750868 kB
Active(file):      11380 kB
Inactive(file):    11828 kB
Unevictable:         636 kB
Mlocked:             636 kB
SwapTotal:             0 kB
SwapFree:              0 kB
Dirty:               556 kB
Writeback:             0 kB
AnonPages:       4685512 kB
Mapped:           246528 kB
Shmem:            847492 kB
Slab:             123132 kB
SReclaimable:      57028 kB
SUnreclaim:        66104 kB
KernelStack:       13712 kB
PageTables:        61136 kB
NFS_Unstable:          0 kB
Bounce:                0 kB
WritebackTmp:          0 kB
CommitLimit:     2985420 kB
Committed_AS:   11129744 kB
VmallocTotal:   34359738367 kB
VmallocUsed:      359044 kB
VmallocChunk:   34359248528 kB
HardwareCorrupted:     0 kB
AnonHugePages:    792576 kB
HugePages_Total:       0
HugePages_Free:        0
HugePages_Rsvd:        0
HugePages_Surp:        0
Hugepagesize:       2048 kB
DirectMap4k:       86408 kB
DirectMap2M:     1869824 kB
DirectMap1G:     4194304 kB


CPU:total 8 (4 cores per cpu, 2 threads per core) family 6 model 60 stepping 3, cmov, cx8, fxsr, mmx, sse, sse2, sse3, ssse3, sse4.1, sse4.2, popcnt, avx, avx2, aes, clmul, erms, rtm, lzcnt, ht, tsc, tscinvbit, bmi1, bmi2

/proc/cpuinfo:
processor	: 0
vendor_id	: GenuineIntel
cpu family	: 6
model		: 60
model name	: Intel(R) Core(TM) i7-4790 CPU @ 3.60GHz
stepping	: 3
microcode	: 0x17
cpu MHz		: 3826.125
cache size	: 8192 KB
physical id	: 0
siblings	: 8
core id		: 0
cpu cores	: 4
apicid		: 0
initial apicid	: 0
fpu		: yes
fpu_exception	: yes
cpuid level	: 13
wp		: yes
flags		: fpu vme de pse tsc msr pae mce cx8 apic sep mtrr pge mca cmov pat pse36 clflush dts acpi mmx fxsr sse sse2 ss ht tm pbe syscall nx pdpe1gb rdtscp lm constant_tsc arch_perfmon pebs bts rep_good nopl xtopology nonstop_tsc aperfmperf eagerfpu pni pclmulqdq dtes64 monitor ds_cpl vmx smx est tm2 ssse3 fma cx16 xtpr pdcm pcid sse4_1 sse4_2 x2apic movbe popcnt tsc_deadline_timer aes xsave avx f16c rdrand lahf_lm abm ida arat xsaveopt pln pts dtherm tpr_shadow vnmi flexpriority ept vpid fsgsbase tsc_adjust bmi1 hle avx2 smep bmi2 erms invpcid rtm
bogomips	: 7200.57
clflush size	: 64
cache_alignment	: 64
address sizes	: 39 bits physical, 48 bits virtual
power management:

processor	: 1
vendor_id	: GenuineIntel
cpu family	: 6
model		: 60
model name	: Intel(R) Core(TM) i7-4790 CPU @ 3.60GHz
stepping	: 3
microcode	: 0x17
cpu MHz		: 3804.468
cache size	: 8192 KB
physical id	: 0
siblings	: 8
core id		: 1
cpu cores	: 4
apicid		: 2
initial apicid	: 2
fpu		: yes
fpu_exception	: yes
cpuid level	: 13
wp		: yes
flags		: fpu vme de pse tsc msr pae mce cx8 apic sep mtrr pge mca cmov pat pse36 clflush dts acpi mmx fxsr sse sse2 ss ht tm pbe syscall nx pdpe1gb rdtscp lm constant_tsc arch_perfmon pebs bts rep_good nopl xtopology nonstop_tsc aperfmperf eagerfpu pni pclmulqdq dtes64 monitor ds_cpl vmx smx est tm2 ssse3 fma cx16 xtpr pdcm pcid sse4_1 sse4_2 x2apic movbe popcnt tsc_deadline_timer aes xsave avx f16c rdrand lahf_lm abm ida arat xsaveopt pln pts dtherm tpr_shadow vnmi flexpriority ept vpid fsgsbase tsc_adjust bmi1 hle avx2 smep bmi2 erms invpcid rtm
bogomips	: 7200.57
clflush size	: 64
cache_alignment	: 64
address sizes	: 39 bits physical, 48 bits virtual
power management:

processor	: 2
vendor_id	: GenuineIntel
cpu family	: 6
model		: 60
model name	: Intel(R) Core(TM) i7-4790 CPU @ 3.60GHz
stepping	: 3
microcode	: 0x17
cpu MHz		: 3831.468
cache size	: 8192 KB
physical id	: 0
siblings	: 8
core id		: 2
cpu cores	: 4
apicid		: 4
initial apicid	: 4
fpu		: yes
fpu_exception	: yes
cpuid level	: 13
wp		: yes
flags		: fpu vme de pse tsc msr pae mce cx8 apic sep mtrr pge mca cmov pat pse36 clflush dts acpi mmx fxsr sse sse2 ss ht tm pbe syscall nx pdpe1gb rdtscp lm constant_tsc arch_perfmon pebs bts rep_good nopl xtopology nonstop_tsc aperfmperf eagerfpu pni pclmulqdq dtes64 monitor ds_cpl vmx smx est tm2 ssse3 fma cx16 xtpr pdcm pcid sse4_1 sse4_2 x2apic movbe popcnt tsc_deadline_timer aes xsave avx f16c rdrand lahf_lm abm ida arat xsaveopt pln pts dtherm tpr_shadow vnmi flexpriority ept vpid fsgsbase tsc_adjust bmi1 hle avx2 smep bmi2 erms invpcid rtm
bogomips	: 7200.57
clflush size	: 64
cache_alignment	: 64
address sizes	: 39 bits physical, 48 bits virtual
power management:

processor	: 3
vendor_id	: GenuineIntel
cpu family	: 6
model		: 60
model name	: Intel(R) Core(TM) i7-4790 CPU @ 3.60GHz
stepping	: 3
microcode	: 0x17
cpu MHz		: 3800.250
cache size	: 8192 KB
physical id	: 0
siblings	: 8
core id		: 3
cpu cores	: 4
apicid		: 6
initial apicid	: 6
fpu		: yes
fpu_exception	: yes
cpuid level	: 13
wp		: yes
flags		: fpu vme de pse tsc msr pae mce cx8 apic sep mtrr pge mca cmov pat pse36 clflush dts acpi mmx fxsr sse sse2 ss ht tm pbe syscall nx pdpe1gb rdtscp lm constant_tsc arch_perfmon pebs bts rep_good nopl xtopology nonstop_tsc aperfmperf eagerfpu pni pclmulqdq dtes64 monitor ds_cpl vmx smx est tm2 ssse3 fma cx16 xtpr pdcm pcid sse4_1 sse4_2 x2apic movbe popcnt tsc_deadline_timer aes xsave avx f16c rdrand lahf_lm abm ida arat xsaveopt pln pts dtherm tpr_shadow vnmi flexpriority ept vpid fsgsbase tsc_adjust bmi1 hle avx2 smep bmi2 erms invpcid rtm
bogomips	: 7200.57
clflush size	: 64
cache_alignment	: 64
address sizes	: 39 bits physical, 48 bits virtual
power management:

processor	: 4
vendor_id	: GenuineIntel
cpu family	: 6
model		: 60
model name	: Intel(R) Core(TM) i7-4790 CPU @ 3.60GHz
stepping	: 3
microcode	: 0x17
cpu MHz		: 3826.125
cache size	: 8192 KB
physical id	: 0
siblings	: 8
core id		: 0
cpu cores	: 4
apicid		: 1
initial apicid	: 1
fpu		: yes
fpu_exception	: yes
cpuid level	: 13
wp		: yes
flags		: fpu vme de pse tsc msr pae mce cx8 apic sep mtrr pge mca cmov pat pse36 clflush dts acpi mmx fxsr sse sse2 ss ht tm pbe syscall nx pdpe1gb rdtscp lm constant_tsc arch_perfmon pebs bts rep_good nopl xtopology nonstop_tsc aperfmperf eagerfpu pni pclmulqdq dtes64 monitor ds_cpl vmx smx est tm2 ssse3 fma cx16 xtpr pdcm pcid sse4_1 sse4_2 x2apic movbe popcnt tsc_deadline_timer aes xsave avx f16c rdrand lahf_lm abm ida arat xsaveopt pln pts dtherm tpr_shadow vnmi flexpriority ept vpid fsgsbase tsc_adjust bmi1 hle avx2 smep bmi2 erms invpcid rtm
bogomips	: 7200.57
clflush size	: 64
cache_alignment	: 64
address sizes	: 39 bits physical, 48 bits virtual
power management:

processor	: 5
vendor_id	: GenuineIntel
cpu family	: 6
model		: 60
model name	: Intel(R) Core(TM) i7-4790 CPU @ 3.60GHz
stepping	: 3
microcode	: 0x17
cpu MHz		: 3821.625
cache size	: 8192 KB
physical id	: 0
siblings	: 8
core id		: 1
cpu cores	: 4
apicid		: 3
initial apicid	: 3
fpu		: yes
fpu_exception	: yes
cpuid level	: 13
wp		: yes
flags		: fpu vme de pse tsc msr pae mce cx8 apic sep mtrr pge mca cmov pat pse36 clflush dts acpi mmx fxsr sse sse2 ss ht tm pbe syscall nx pdpe1gb rdtscp lm constant_tsc arch_perfmon pebs bts rep_good nopl xtopology nonstop_tsc aperfmperf eagerfpu pni pclmulqdq dtes64 monitor ds_cpl vmx smx est tm2 ssse3 fma cx16 xtpr pdcm pcid sse4_1 sse4_2 x2apic movbe popcnt tsc_deadline_timer aes xsave avx f16c rdrand lahf_lm abm ida arat xsaveopt pln pts dtherm tpr_shadow vnmi flexpriority ept vpid fsgsbase tsc_adjust bmi1 hle avx2 smep bmi2 erms invpcid rtm
bogomips	: 7200.57
clflush size	: 64
cache_alignment	: 64
address sizes	: 39 bits physical, 48 bits virtual
power management:

processor	: 6
vendor_id	: GenuineIntel
cpu family	: 6
model		: 60
model name	: Intel(R) Core(TM) i7-4790 CPU @ 3.60GHz
stepping	: 3
microcode	: 0x17
cpu MHz		: 3826.125
cache size	: 8192 KB
physical id	: 0
siblings	: 8
core id		: 2
cpu cores	: 4
apicid		: 5
initial apicid	: 5
fpu		: yes
fpu_exception	: yes
cpuid level	: 13
wp		: yes
flags		: fpu vme de pse tsc msr pae mce cx8 apic sep mtrr pge mca cmov pat pse36 clflush dts acpi mmx fxsr sse sse2 ss ht tm pbe syscall nx pdpe1gb rdtscp lm constant_tsc arch_perfmon pebs bts rep_good nopl xtopology nonstop_tsc aperfmperf eagerfpu pni pclmulqdq dtes64 monitor ds_cpl vmx smx est tm2 ssse3 fma cx16 xtpr pdcm pcid sse4_1 sse4_2 x2apic movbe popcnt tsc_deadline_timer aes xsave avx f16c rdrand lahf_lm abm ida arat xsaveopt pln pts dtherm tpr_shadow vnmi flexpriority ept vpid fsgsbase tsc_adjust bmi1 hle avx2 smep bmi2 erms invpcid rtm
bogomips	: 7200.57
clflush size	: 64
cache_alignment	: 64
address sizes	: 39 bits physical, 48 bits virtual
power management:

processor	: 7
vendor_id	: GenuineIntel
cpu family	: 6
model		: 60
model name	: Intel(R) Core(TM) i7-4790 CPU @ 3.60GHz
stepping	: 3
microcode	: 0x17
cpu MHz		: 3799.968
cache size	: 8192 KB
physical id	: 0
siblings	: 8
core id		: 3
cpu cores	: 4
apicid		: 7
initial apicid	: 7
fpu		: yes
fpu_exception	: yes
cpuid level	: 13
wp		: yes
flags		: fpu vme de pse tsc msr pae mce cx8 apic sep mtrr pge mca cmov pat pse36 clflush dts acpi mmx fxsr sse sse2 ss ht tm pbe syscall nx pdpe1gb rdtscp lm constant_tsc arch_perfmon pebs bts rep_good nopl xtopology nonstop_tsc aperfmperf eagerfpu pni pclmulqdq dtes64 monitor ds_cpl vmx smx est tm2 ssse3 fma cx16 xtpr pdcm pcid sse4_1 sse4_2 x2apic movbe popcnt tsc_deadline_timer aes xsave avx f16c rdrand lahf_lm abm ida arat xsaveopt pln pts dtherm tpr_shadow vnmi flexpriority ept vpid fsgsbase tsc_adjust bmi1 hle avx2 smep bmi2 erms invpcid rtm
bogomips	: 7200.57
clflush size	: 64
cache_alignment	: 64
address sizes	: 39 bits physical, 48 bits virtual
power management:



Memory: 4k page, physical 5970840k(144164k free), swap 0k(0k free)

vm_info: Java HotSpot(TM) 64-Bit Server VM (25.45-b02) for linux-amd64 JRE (1.8.0_45-b14), built on Apr 10 2015 10:07:45 by "java_re" with gcc 4.3.0 20080428 (Red Hat 4.3.0-8)

time: Wed May 13 14:09:06 2015
elapsed time: 3 seconds (0d 0h 0m 3s)

